npm warn Unknown env config "python". This will stop working in the next major version of npm.
app/_layout.tsx(1,8): error TS6133: 'React' is declared but its value is never read.
app/_layout.tsx(2,23): error TS2307: Cannot find module 'expo-router' or its corresponding type declarations.
app/_layout.tsx(3,27): error TS2307: Cannot find module 'expo-status-bar' or its corresponding type declarations.
app/_layout.tsx(4,26): error TS2307: Cannot find module 'react-native' or its corresponding type declarations.
app/_layout.tsx(17,29): error TS2307: Cannot find module 'expo-router' or its corresponding type declarations.
app/_layout.tsx(51,16): error TS7006: Parameter 'err' implicitly has an 'any' type.
app/analytics.tsx(1,1): error TS6133: 'React' is declared but its value is never read.
app/analytics.tsx(2,34): error TS2307: Cannot find module 'react-native' or its corresponding type declarations.
app/auth.tsx(9,8): error TS2307: Cannot find module 'react-native' or its corresponding type declarations.
app/auth.tsx(10,27): error TS2307: Cannot find module 'expo-router' or its corresponding type declarations.
app/auth.tsx(11,26): error TS2307: Cannot find module '@react-native-async-storage/async-storage' or its corresponding type declarations.
app/auth.tsx(15,25): error TS2307: Cannot find module '@expo/vector-icons' or its corresponding type declarations.
app/auth.tsx(21,20): error TS6133: 'setIsSignup' is declared but its value is never read.
app/chapters.tsx(1,8): error TS6133: 'React' is declared but its value is never read.
app/chapters.tsx(10,8): error TS2307: Cannot find module 'react-native' or its corresponding type declarations.
app/chapters.tsx(11,49): error TS2307: Cannot find module 'expo-router' or its corresponding type declarations.
app/chapters.tsx(22,39): error TS7016: Could not find a declaration file for module '@/data/booksData'. '/home/engine/project/data/booksData.js' implicitly has an 'any' type.
app/chat.tsx(1,1): error TS6133: 'React' is declared but its value is never read.
app/chat.tsx(2,48): error TS2307: Cannot find module 'react-native' or its corresponding type declarations.
app/chat.tsx(5,27): error TS2307: Cannot find module 'expo-router' or its corresponding type declarations.
app/exam-details.tsx(1,1): error TS6133: 'React' is declared but its value is never read.
app/home-12plus.tsx(1,8): error TS6133: 'React' is declared but its value is never read.
app/home-12plus.tsx(10,8): error TS2307: Cannot find module 'react-native' or its corresponding type declarations.
app/home-12plus.tsx(11,27): error TS2307: Cannot find module 'expo-router' or its corresponding type declarations.
app/home-12plus.tsx(14,1): error TS6133: 'DarkModeToggle' is declared but its value is never read.
app/home-12plus.tsx(15,25): error TS2307: Cannot find module '@expo/vector-icons' or its corresponding type declarations.
app/home.tsx(1,8): error TS6133: 'React' is declared but its value is never read.
app/home.tsx(10,8): error TS2307: Cannot find module 'react-native' or its corresponding type declarations.
app/home.tsx(11,27): error TS2307: Cannot find module 'expo-router' or its corresponding type declarations.
app/home.tsx(18,1): error TS6133: 'DarkModeToggle' is declared but its value is never read.
app/home.tsx(21,1): error TS6133: 'ProgressBar' is declared but its value is never read.
app/home.tsx(27,25): error TS2307: Cannot find module '@expo/vector-icons' or its corresponding type declarations.
app/index.tsx(1,1): error TS6133: 'React' is declared but its value is never read.
app/index.tsx(2,34): error TS2307: Cannot find module 'react-native' or its corresponding type declarations.
app/lesson.tsx(1,8): error TS6133: 'React' is declared but its value is never read.
app/lesson.tsx(9,8): error TS2307: Cannot find module 'react-native' or its corresponding type declarations.
app/lesson.tsx(10,38): error TS2307: Cannot find module 'expo-router' or its corresponding type declarations.
app/lesson.tsx(16,1): error TS6133: 'BreadcrumbNav' is declared but its value is never read.
app/lesson.tsx(19,25): error TS2307: Cannot find module '@expo/vector-icons' or its corresponding type declarations.
app/personalized-plan.tsx(1,1): error TS6133: 'React' is declared but its value is never read.
app/personalized-plan.tsx(2,34): error TS2307: Cannot find module 'react-native' or its corresponding type declarations.
app/session-history.tsx(1,1): error TS6133: 'React' is declared but its value is never read.
app/trophy-room.tsx(2,80): error TS2307: Cannot find module 'react-native' or its corresponding type declarations.
app/trophy-room.tsx(3,27): error TS2307: Cannot find module 'expo-router' or its corresponding type declarations.
app/trophy-room.tsx(6,31): error TS6133: 'Achievement' is declared but its value is never read.
app/trophy-room.tsx(8,25): error TS2307: Cannot find module '@expo/vector-icons' or its corresponding type declarations.
app/voice-notes.tsx(1,1): error TS6133: 'React' is declared but its value is never read.
app/voice-notes.tsx(2,34): error TS2307: Cannot find module 'react-native' or its corresponding type declarations.
app/weak-areas.tsx(1,1): error TS6133: 'React' is declared but its value is never read.
app/weak-areas.tsx(2,34): error TS2307: Cannot find module 'react-native' or its corresponding type declarations.
app/weak-areas.tsx(4,27): error TS2307: Cannot find module 'expo-router' or its corresponding type declarations.
app/weak-areas.tsx(9,9): error TS6133: 'router' is declared but its value is never read.
components/AchievementCard.tsx(1,8): error TS6133: 'React' is declared but its value is never read.
components/AchievementCard.tsx(2,68): error TS2307: Cannot find module 'react-native' or its corresponding type declarations.
components/AchievementCard.tsx(147,41): error TS6133: 'isDark' is declared but its value is never read.
components/AchievementNotification.tsx(1,8): error TS6133: 'React' is declared but its value is never read.
components/AchievementNotification.tsx(2,78): error TS2307: Cannot find module 'react-native' or its corresponding type declarations.
components/AchievementNotification.tsx(5,25): error TS2307: Cannot find module '@expo/vector-icons' or its corresponding type declarations.
components/AdContainer.tsx(1,8): error TS6133: 'React' is declared but its value is never read.
components/AdContainer.tsx(9,8): error TS2307: Cannot find module 'react-native' or its corresponding type declarations.
components/AdContainer.tsx(12,25): error TS2307: Cannot find module '@expo/vector-icons' or its corresponding type declarations.
components/AdContainer.tsx(89,30): error TS7006: Parameter 'error' implicitly has an 'any' type.
components/AdContainer.tsx(99,20): error TS6133: 'colors' is declared but its value is never read.
components/AnimatedLoginForm.tsx(1,8): error TS6133: 'React' is declared but its value is never read.
components/AnimatedLoginForm.tsx(12,8): error TS2307: Cannot find module 'react-native' or its corresponding type declarations.
components/AnimatedLoginForm.tsx(13,27): error TS2307: Cannot find module 'expo-router' or its corresponding type declarations.
components/AnimatedLoginForm.tsx(42,71): error TS7006: Parameter 'event' implicitly has an 'any' type.
components/AnswerCard.tsx(2,65): error TS2307: Cannot find module 'react-native' or its corresponding type declarations.
components/AnswerCard.tsx(3,26): error TS2307: Cannot find module '@expo/vector-icons' or its corresponding type declarations.
components/AvatarCard.tsx(1,1): error TS6133: 'React' is declared but its value is never read.
components/AvatarCard.tsx(2,75): error TS2307: Cannot find module 'react-native' or its corresponding type declarations.
components/AvatarCard.tsx(7,40): error TS2307: Cannot find module '@expo/vector-icons' or its corresponding type declarations.
components/AvatarCard.tsx(130,54): error TS6133: 'isUnlocked' is declared but its value is never read.
components/AvatarCard.tsx(130,75): error TS6133: 'isPurchased' is declared but its value is never read.
components/AvatarSelector.tsx(1,1): error TS6133: 'React' is declared but its value is never read.
components/AvatarSelector.tsx(2,68): error TS2307: Cannot find module 'react-native' or its corresponding type declarations.
components/AvatarSelector.tsx(3,40): error TS2307: Cannot find module '@expo/vector-icons' or its corresponding type declarations.
components/AvatarSelector.tsx(6,44): error TS6133: 'FontWeights' is declared but its value is never read.
components/AvatarSelector.tsx(50,24): error TS7006: Parameter 'item' implicitly has an 'any' type.
components/BadgeDisplay.tsx(1,1): error TS6133: 'React' is declared but its value is never read.
components/BadgeDisplay.tsx(2,34): error TS6133: 'Animated' is declared but its value is never read.
components/BadgeDisplay.tsx(2,50): error TS2307: Cannot find module 'react-native' or its corresponding type declarations.
components/BadgeDisplay.tsx(3,19): error TS6133: 'BorderRadius' is declared but its value is never read.
components/BadgeDisplay.tsx(4,20): error TS6133: 'ThemeColors' is declared but its value is never read.
components/BadgeProgress.tsx(1,1): error TS6133: 'React' is declared but its value is never read.
components/BadgeProgress.tsx(2,40): error TS2307: Cannot find module 'react-native' or its corresponding type declarations.
components/BadgeProgress.tsx(3,19): error TS6133: 'BorderRadius' is declared but its value is never read.
components/BadgeProgress.tsx(4,20): error TS6133: 'ThemeColors' is declared but its value is never read.
components/BooksGrid.tsx(1,8): error TS6133: 'React' is declared but its value is never read.
components/BooksGrid.tsx(10,8): error TS2307: Cannot find module 'react-native' or its corresponding type declarations.
components/BooksGrid.tsx(15,25): error TS2307: Cannot find module '@expo/vector-icons' or its corresponding type declarations.
components/BottomTabNavigator.tsx(1,8): error TS6133: 'React' is declared but its value is never read.
components/BottomTabNavigator.tsx(2,80): error TS2307: Cannot find module 'react-native' or its corresponding type declarations.
components/BottomTabNavigator.tsx(3,40): error TS2307: Cannot find module '@expo/vector-icons' or its corresponding type declarations.
components/BottomTabNavigator.tsx(5,40): error TS2307: Cannot find module 'expo-router' or its corresponding type declarations.
components/BottomTabNavigator.tsx(10,3): error TS6133: 'interpolate' is declared but its value is never read.
components/BottomTabNavigator.tsx(11,8): error TS2307: Cannot find module 'react-native-reanimated' or its corresponding type declarations.
components/BottomTabNavigator.tsx(30,19): error TS6133: 'isDark' is declared but its value is never read.
components/BreadcrumbNav.tsx(2,70): error TS2307: Cannot find module 'react-native' or its corresponding type declarations.
components/BreadcrumbNav.tsx(4,40): error TS2307: Cannot find module '@expo/vector-icons' or its corresponding type declarations.
components/BreadcrumbNav.tsx(5,27): error TS2307: Cannot find module 'expo-router' or its corresponding type declarations.
components/BreakActivitySuggestion.tsx(1,8): error TS6133: 'React' is declared but its value is never read.
components/BreakActivitySuggestion.tsx(8,8): error TS2307: Cannot find module 'react-native' or its corresponding type declarations.
components/BreakActivitySuggestion.tsx(13,25): error TS2307: Cannot find module '@expo/vector-icons' or its corresponding type declarations.
components/CartoonCharacter.tsx(1,8): error TS6133: 'React' is declared but its value is never read.
components/CartoonCharacter.tsx(2,62): error TS2307: Cannot find module 'react-native' or its corresponding type declarations.
components/CartoonCharacter.tsx(3,24): error TS2307: Cannot find module 'lottie-react-native' or its corresponding type declarations.
components/CoinDisplay.tsx(2,50): error TS2307: Cannot find module 'react-native' or its corresponding type declarations.
components/CoinDisplay.tsx(4,40): error TS2307: Cannot find module '@expo/vector-icons' or its corresponding type declarations.
components/CoinDisplay.tsx(5,10): error TS6133: 'Spacing' is declared but its value is never read.
components/CoinDisplay.tsx(86,20): error TS6133: 'iconSize' is declared but its value is never read.
components/CoinDisplay.tsx(86,38): error TS6133: 'textSize' is declared but its value is never read.
components/CoinRewardAnimation.tsx(1,8): error TS6133: 'React' is declared but its value is never read.
components/CoinRewardAnimation.tsx(2,64): error TS2307: Cannot find module 'react-native' or its corresponding type declarations.
components/CoinRewardAnimation.tsx(3,40): error TS2307: Cannot find module '@expo/vector-icons' or its corresponding type declarations.
components/CoinRewardAnimation.tsx(21,9): error TS6133: 'gamificationData' is declared but its value is never read.
components/DarkModeToggle.tsx(2,56): error TS2307: Cannot find module 'react-native' or its corresponding type declarations.
components/DarkModeToggle.tsx(3,26): error TS2307: Cannot find module '@expo/vector-icons' or its corresponding type declarations.
components/Dropdown.tsx(1,8): error TS6133: 'React' is declared but its value is never read.
components/Dropdown.tsx(12,8): error TS2307: Cannot find module 'react-native' or its corresponding type declarations.
components/Dropdown.tsx(68,32): error TS7006: Parameter 'item' implicitly has an 'any' type.
components/Dropdown.tsx(69,32): error TS7031: Binding element 'item' implicitly has an 'any' type.
components/EngagementSuggestions.tsx(1,1): error TS6133: 'React' is declared but its value is never read.
components/EngagementSuggestions.tsx(2,58): error TS2307: Cannot find module 'react-native' or its corresponding type declarations.
components/EngagementSuggestions.tsx(3,40): error TS2307: Cannot find module '@expo/vector-icons' or its corresponding type declarations.
components/ErrorBoundary.tsx(1,8): error TS6133: 'React' is declared but its value is never read.
components/ErrorBoundary.tsx(1,50): error TS6133: 'useContext' is declared but its value is never read.
components/ErrorBoundary.tsx(2,70): error TS2307: Cannot find module 'react-native' or its corresponding type declarations.
components/ErrorBoundary.tsx(3,27): error TS2307: Cannot find module 'expo-router' or its corresponding type declarations.
components/ErrorBoundary.tsx(7,25): error TS2307: Cannot find module '@expo/vector-icons' or its corresponding type declarations.
components/ErrorBoundary.tsx(31,9): error TS6133: 'userName' is declared but its value is never read.
components/ExamCountdownWidget.tsx(1,8): error TS6133: 'React' is declared but its value is never read.
components/ExamCountdownWidget.tsx(8,8): error TS2307: Cannot find module 'react-native' or its corresponding type declarations.
components/ExamCountdownWidget.tsx(9,27): error TS2307: Cannot find module 'expo-router' or its corresponding type declarations.
components/ExamCountdownWidget.tsx(14,25): error TS2307: Cannot find module '@expo/vector-icons' or its corresponding type declarations.
components/FavoriteQuestions.tsx(9,8): error TS2307: Cannot find module 'react-native' or its corresponding type declarations.
components/FavoriteQuestions.tsx(10,26): error TS2307: Cannot find module '@expo/vector-icons' or its corresponding type declarations.
components/FavoriteQuestions.tsx(11,27): error TS2307: Cannot find module 'expo-router' or its corresponding type declarations.
components/FavoriteQuestions.tsx(120,23): error TS7006: Parameter 'item' implicitly has an 'any' type.
components/FilePreview.tsx(1,1): error TS6133: 'React' is declared but its value is never read.
components/FilePreview.tsx(2,58): error TS2307: Cannot find module 'react-native' or its corresponding type declarations.
components/FileUploadButton.tsx(1,1): error TS6133: 'React' is declared but its value is never read.
components/FileUploadButton.tsx(2,46): error TS6133: 'View' is declared but its value is never read.
components/FileUploadButton.tsx(2,58): error TS2307: Cannot find module 'react-native' or its corresponding type declarations.
components/FloatingActionButton.tsx(2,68): error TS2307: Cannot find module 'react-native' or its corresponding type declarations.
components/FloatingActionButton.tsx(3,40): error TS2307: Cannot find module '@expo/vector-icons' or its corresponding type declarations.
components/FloatingActionButton.tsx(12,8): error TS2307: Cannot find module 'react-native-reanimated' or its corresponding type declarations.
components/GroupCard.tsx(1,8): error TS6133: 'React' is declared but its value is never read.
components/GroupCard.tsx(2,65): error TS2307: Cannot find module 'react-native' or its corresponding type declarations.
components/GroupChatMessage.tsx(1,8): error TS6133: 'React' is declared but its value is never read.
components/GroupChatMessage.tsx(2,40): error TS2307: Cannot find module 'react-native' or its corresponding type declarations.
components/GroupLeaderboard.tsx(1,8): error TS6133: 'React' is declared but its value is never read.
components/GroupLeaderboard.tsx(2,40): error TS2307: Cannot find module 'react-native' or its corresponding type declarations.
components/GroupNoteCard.tsx(1,8): error TS6133: 'React' is declared but its value is never read.
components/GroupNoteCard.tsx(2,40): error TS2307: Cannot find module 'react-native' or its corresponding type declarations.
components/HeaderComponent.tsx(1,1): error TS6133: 'React' is declared but its value is never read.
components/HeaderComponent.tsx(2,75): error TS2307: Cannot find module 'react-native' or its corresponding type declarations.
components/HeaderComponent.tsx(4,40): error TS2307: Cannot find module '@expo/vector-icons' or its corresponding type declarations.
components/HeaderComponent.tsx(5,40): error TS2307: Cannot find module 'expo-router' or its corresponding type declarations.
components/ImagePreview.tsx(1,1): error TS6133: 'React' is declared but its value is never read.
components/ImagePreview.tsx(2,65): error TS2307: Cannot find module 'react-native' or its corresponding type declarations.
components/LabeledDiagram.tsx(2,58): error TS2307: Cannot find module 'react-native' or its corresponding type declarations.
components/LabeledDiagram.tsx(10,8): error TS2307: Cannot find module 'react-native-reanimated' or its corresponding type declarations.
components/LabeledDiagram.tsx(14,25): error TS2307: Cannot find module '@expo/vector-icons' or its corresponding type declarations.
components/LeaderboardCard.tsx(1,8): error TS6133: 'React' is declared but its value is never read.
components/LeaderboardCard.tsx(2,68): error TS2307: Cannot find module 'react-native' or its corresponding type declarations.
components/LeaderboardCard.tsx(109,57): error TS6133: 'rank' is declared but its value is never read.
components/LeaderboardEntry.tsx(1,1): error TS6133: 'React' is declared but its value is never read.
components/LeaderboardEntry.tsx(2,34): error TS6133: 'Image' is declared but its value is never read.
components/LeaderboardEntry.tsx(2,47): error TS2307: Cannot find module 'react-native' or its corresponding type declarations.
components/LeaderboardEntry.tsx(6,26): error TS2307: Cannot find module '@expo/vector-icons' or its corresponding type declarations.
components/LessonImage.tsx(2,57): error TS2307: Cannot find module 'react-native' or its corresponding type declarations.
components/LessonView.tsx(1,8): error TS6133: 'React' is declared but its value is never read.
components/LessonView.tsx(9,8): error TS2307: Cannot find module 'react-native' or its corresponding type declarations.
components/LessonView.tsx(10,27): error TS2307: Cannot find module 'expo-router' or its corresponding type declarations.
components/LessonView.tsx(73,10): error TS6133: 'showBreakActivity' is declared but its value is never read.
components/LessonView.tsx(153,9): error TS6133: 'handleBreakActivitySelect' is declared but its value is never read.
components/LessonView.tsx(153,50): error TS6133: 'activity' is declared but its value is never read.
components/NoConnectionScreen.tsx(1,1): error TS6133: 'React' is declared but its value is never read.
components/NoConnectionScreen.tsx(2,70): error TS2307: Cannot find module 'react-native' or its corresponding type declarations.
components/NoConnectionScreen.tsx(5,25): error TS2307: Cannot find module '@expo/vector-icons' or its corresponding type declarations.
components/NoConnectionScreen.tsx(7,7): error TS6133: 'SCREEN_WIDTH' is declared but its value is never read.
components/NoConnectionScreen.tsx(91,19): error TS6133: 'isDark' is declared but its value is never read.
components/NoteCard.tsx(1,1): error TS6133: 'React' is declared but its value is never read.
components/NoteCard.tsx(2,65): error TS2307: Cannot find module 'react-native' or its corresponding type declarations.
components/NoteCard.tsx(3,27): error TS2307: Cannot find module 'expo-router' or its corresponding type declarations.
components/NoteCard.tsx(79,21): error TS7006: Parameter 'e' implicitly has an 'any' type.
components/NoteCard.tsx(108,21): error TS7006: Parameter 'e' implicitly has an 'any' type.
components/NoteCard.tsx(117,21): error TS7006: Parameter 'e' implicitly has an 'any' type.
components/NotificationBadge.tsx(1,8): error TS6133: 'React' is declared but its value is never read.
components/NotificationBadge.tsx(2,40): error TS2307: Cannot find module 'react-native' or its corresponding type declarations.
components/NotificationItem.tsx(1,8): error TS6133: 'React' is declared but its value is never read.
components/NotificationItem.tsx(2,68): error TS2307: Cannot find module 'react-native' or its corresponding type declarations.
components/NotificationItem.tsx(3,49): error TS2307: Cannot find module '@expo/vector-icons' or its corresponding type declarations.
components/NotificationItem.tsx(59,19): error TS6133: 'isDark' is declared but its value is never read.
components/PasswordInput.tsx(1,8): error TS6133: 'React' is declared but its value is never read.
components/PasswordInput.tsx(1,27): error TS6133: 'useRef' is declared but its value is never read.
components/PasswordInput.tsx(10,8): error TS2307: Cannot find module 'react-native' or its corresponding type declarations.
components/PasswordInput.tsx(11,25): error TS2307: Cannot find module '@expo/vector-icons' or its corresponding type declarations.
components/PathwaysTab.tsx(1,8): error TS6133: 'React' is declared but its value is never read.
components/PathwaysTab.tsx(9,8): error TS2307: Cannot find module 'react-native' or its corresponding type declarations.
components/PathwaysTab.tsx(10,27): error TS2307: Cannot find module 'expo-router' or its corresponding type declarations.
components/PathwaysTab.tsx(15,25): error TS2307: Cannot find module '@expo/vector-icons' or its corresponding type declarations.
components/PathwaysTab.tsx(16,33): error TS7016: Could not find a declaration file for module '@/data/seniorData'. '/home/engine/project/data/seniorData.js' implicitly has an 'any' type.
components/PathwaysView.tsx(1,1): error TS6133: 'React' is declared but its value is never read.
components/PathwaysView.tsx(9,8): error TS2307: Cannot find module 'react-native' or its corresponding type declarations.
components/PathwaysView.tsx(10,49): error TS2307: Cannot find module 'expo-router' or its corresponding type declarations.
components/PerformanceChart.tsx(1,1): error TS6133: 'React' is declared but its value is never read.
components/PerformanceChart.tsx(2,52): error TS2307: Cannot find module 'react-native' or its corresponding type declarations.
components/PerformanceChart.tsx(88,41): error TS6133: 'isDark' is declared but its value is never read.
components/PomodoroTimer.tsx(1,8): error TS6133: 'React' is declared but its value is never read.
components/PomodoroTimer.tsx(9,8): error TS2307: Cannot find module 'react-native' or its corresponding type declarations.
components/PomodoroTimer.tsx(13,25): error TS6133: 'TimerPhase' is declared but its value is never read.
components/PomodoroTimer.tsx(14,25): error TS2307: Cannot find module '@expo/vector-icons' or its corresponding type declarations.
components/PomodoroTimer.tsx(31,3): error TS6133: 'onSessionComplete' is declared but its value is never read.
components/PomodoroTimer.tsx(43,10): error TS6133: 'showSettings' is declared but its value is never read.
components/PomodoroTimer.tsx(43,24): error TS6133: 'setShowSettings' is declared but its value is never read.
components/PomodoroTimer.tsx(88,9): error TS6133: 'formatTime' is declared but its value is never read.
components/PomodoroTimer.tsx(94,9): error TS6133: 'getProgress' is declared but its value is never read.
components/PomodoroTimer.tsx(118,9): error TS6133: 'handleStartBreak' is declared but its value is never read.
components/PomodoroTimer.tsx(134,9): error TS6133: 'getPhaseText' is declared but its value is never read.
components/PomodoroTimer.tsx(141,9): error TS6133: 'isRunning' is declared but its value is never read.
components/PomodoroTimer.tsx(280,3): error TS6133: 'onStart' is declared but its value is never read.
components/PomodoroTimer.tsx(386,3): error TS6133: 'settings' is declared but its value is never read.
components/PomodoroTimer.tsx(387,3): error TS6133: 'onDurationChange' is declared but its value is never read.
components/ProgressBar.tsx(1,8): error TS6133: 'React' is declared but its value is never read.
components/ProgressBar.tsx(2,58): error TS2307: Cannot find module 'react-native' or its corresponding type declarations.
components/ProgressRing.tsx(2,40): error TS2307: Cannot find module 'react-native' or its corresponding type declarations.
components/QAPhotoUpload.tsx(2,72): error TS2307: Cannot find module 'react-native' or its corresponding type declarations.
components/QAPhotoUpload.tsx(3,26): error TS2307: Cannot find module '@expo/vector-icons' or its corresponding type declarations.
components/QuestionCard.tsx(2,58): error TS2307: Cannot find module 'react-native' or its corresponding type declarations.
components/QuestionCard.tsx(3,26): error TS2307: Cannot find module '@expo/vector-icons' or its corresponding type declarations.
components/QuestionFilters.tsx(1,27): error TS6133: 'useEffect' is declared but its value is never read.
components/QuestionFilters.tsx(8,8): error TS2307: Cannot find module 'react-native' or its corresponding type declarations.
components/QuestionFilters.tsx(9,26): error TS2307: Cannot find module '@expo/vector-icons' or its corresponding type declarations.
components/QuizCard.tsx(1,8): error TS6133: 'React' is declared but its value is never read.
components/QuizCard.tsx(10,8): error TS2307: Cannot find module 'react-native' or its corresponding type declarations.
components/QuizCard.tsx(11,42): error TS2307: Cannot find module 'react-native-gesture-handler' or its corresponding type declarations.
components/QuizCard.tsx(12,25): error TS2307: Cannot find module 'react-native-reanimated' or its corresponding type declarations.
components/QuizCard.tsx(40,3): error TS6133: 'onPrevious' is declared but its value is never read.
components/QuizCard.tsx(115,16): error TS7006: Parameter 'event' implicitly has an 'any' type.
components/QuizCard.tsx(125,13): error TS7006: Parameter 'event' implicitly has an 'any' type.
components/QuizCard.tsx(238,27): error TS6133: 'e' is declared but its value is never read.
components/QuizModal.tsx(1,8): error TS6133: 'React' is declared but its value is never read.
components/QuizModal.tsx(11,8): error TS2307: Cannot find module 'react-native' or its corresponding type declarations.
components/QuizModal.tsx(12,33): error TS6133: 'FontSizes' is declared but its value is never read.
components/QuizModal.tsx(12,44): error TS6133: 'FontWeights' is declared but its value is never read.
components/QuizModal.tsx(24,25): error TS2307: Cannot find module '@expo/vector-icons' or its corresponding type declarations.
components/QuizResultsScreen.tsx(2,8): error TS6133: 'React' is declared but its value is never read.
components/QuizResultsScreen.tsx(3,76): error TS2307: Cannot find module 'react-native' or its corresponding type declarations.
components/QuizResultsScreen.tsx(7,25): error TS2307: Cannot find module '@expo/vector-icons' or its corresponding type declarations.
components/RankBadge.tsx(1,1): error TS6133: 'React' is declared but its value is never read.
components/RankBadge.tsx(2,58): error TS2307: Cannot find module 'react-native' or its corresponding type declarations.
components/RankBadge.tsx(5,34): error TS6133: 'Spacing' is declared but its value is never read.
components/RankBadge.tsx(5,43): error TS6133: 'BorderRadius' is declared but its value is never read.
components/RankBadge.tsx(22,17): error TS6133: 'progress' is declared but its value is never read.
components/RankBadge.tsx(23,9): error TS6133: 'gamificationData' is declared but its value is never read.
components/RankDisplay.tsx(1,1): error TS6133: 'React' is declared but its value is never read.
components/RankDisplay.tsx(2,40): error TS2307: Cannot find module 'react-native' or its corresponding type declarations.
components/RankDisplay.tsx(23,9): error TS6133: 'textSize' is declared but its value is never read.
components/RankDisplay.tsx(100,9): error TS6133: 'borderRadius' is declared but its value is never read.
components/ReputationCard.tsx(1,1): error TS6133: 'React' is declared but its value is never read.
components/ReputationCard.tsx(2,70): error TS2307: Cannot find module 'react-native' or its corresponding type declarations.
components/ReputationCard.tsx(7,26): error TS2307: Cannot find module '@expo/vector-icons' or its corresponding type declarations.
components/ReputationCard.tsx(8,27): error TS2307: Cannot find module 'expo-router' or its corresponding type declarations.
components/SearchBar.tsx(11,8): error TS2307: Cannot find module 'react-native' or its corresponding type declarations.
components/SearchBar.tsx(12,26): error TS2307: Cannot find module '@expo/vector-icons' or its corresponding type declarations.
components/SessionCard.tsx(1,1): error TS6133: 'React' is declared but its value is never read.
components/SessionCard.tsx(6,8): error TS2307: Cannot find module 'react-native' or its corresponding type declarations.
components/SessionCard.tsx(9,25): error TS2307: Cannot find module '@expo/vector-icons' or its corresponding type declarations.
components/SessionCard.tsx(10,1): error TS6133: 'focusTracker' is declared but its value is never read.
components/SkeletonLoader.tsx(1,8): error TS6133: 'React' is declared but its value is never read.
components/SkeletonLoader.tsx(2,67): error TS2307: Cannot find module 'react-native' or its corresponding type declarations.
components/SmartCoinDisplay.tsx(1,8): error TS6133: 'React' is declared but its value is never read.
components/SmartCoinDisplay.tsx(2,62): error TS2307: Cannot find module 'react-native' or its corresponding type declarations.
components/SmartCoinDisplay.tsx(3,40): error TS2307: Cannot find module '@expo/vector-icons' or its corresponding type declarations.
components/SmartCoinDisplay.tsx(15,7): error TS6133: 'screenWidth' is declared but its value is never read.
components/SmartyChat.tsx(1,8): error TS6133: 'React' is declared but its value is never read.
components/SmartyChat.tsx(15,8): error TS2307: Cannot find module 'react-native' or its corresponding type declarations.
components/SocialNotificationBanner.tsx(1,8): error TS6133: 'React' is declared but its value is never read.
components/SocialNotificationBanner.tsx(2,78): error TS2307: Cannot find module 'react-native' or its corresponding type declarations.
components/SocialNotificationBanner.tsx(3,25): error TS2307: Cannot find module '@expo/vector-icons' or its corresponding type declarations.
components/StreakBadge.tsx(1,8): error TS6133: 'React' is declared but its value is never read.
components/StreakBadge.tsx(2,62): error TS6133: 'Easing' is declared but its value is never read.
components/StreakBadge.tsx(2,70): error TS6133: 'Platform' is declared but its value is never read.
components/StreakBadge.tsx(2,86): error TS2307: Cannot find module 'react-native' or its corresponding type declarations.
components/StreakBadge.tsx(5,25): error TS2307: Cannot find module '@expo/vector-icons' or its corresponding type declarations.
components/StreakCounter.tsx(1,1): error TS6133: 'React' is declared but its value is never read.
components/StreakCounter.tsx(2,40): error TS2307: Cannot find module 'react-native' or its corresponding type declarations.
components/StreakCounter.tsx(3,40): error TS2307: Cannot find module '@expo/vector-icons' or its corresponding type declarations.
components/StreamSelectionModal.tsx(10,8): error TS2307: Cannot find module 'react-native' or its corresponding type declarations.
components/ThemeContext.tsx(2,32): error TS2307: Cannot find module 'react-native' or its corresponding type declarations.
components/ThemeContext.tsx(3,26): error TS2307: Cannot find module '@react-native-async-storage/async-storage' or its corresponding type declarations.
components/TrendingQuestions.tsx(9,8): error TS2307: Cannot find module 'react-native' or its corresponding type declarations.
components/TrendingQuestions.tsx(10,26): error TS2307: Cannot find module '@expo/vector-icons' or its corresponding type declarations.
components/TrendingQuestions.tsx(11,27): error TS2307: Cannot find module 'expo-router' or its corresponding type declarations.
components/TrendingQuestions.tsx(154,25): error TS7006: Parameter 'item' implicitly has an 'any' type.
components/TrendingQuestions.tsx(173,28): error TS2307: Cannot find module 'react-native' or its corresponding type declarations.
components/TrophyRoom.tsx(1,8): error TS6133: 'React' is declared but its value is never read.
components/TrophyRoom.tsx(10,8): error TS2307: Cannot find module 'react-native' or its corresponding type declarations.
components/TrophyRoom.tsx(11,27): error TS2307: Cannot find module 'expo-router' or its corresponding type declarations.
components/TrophyRoom.tsx(14,31): error TS6133: 'Achievement' is declared but its value is never read.
components/TrophyRoom.tsx(16,25): error TS2307: Cannot find module '@expo/vector-icons' or its corresponding type declarations.
components/VirtualForest.tsx(1,8): error TS6133: 'React' is declared but its value is never read.
components/VirtualForest.tsx(8,3): error TS6133: 'Dimensions' is declared but its value is never read.
components/VirtualForest.tsx(9,8): error TS2307: Cannot find module 'react-native' or its corresponding type declarations.
components/VirtualForest.tsx(14,25): error TS2307: Cannot find module '@expo/vector-icons' or its corresponding type declarations.
components/VirtualForest.tsx(25,20): error TS6133: 'setTreeType' is declared but its value is never read.
components/VoiceRecorder.tsx(1,8): error TS6133: 'React' is declared but its value is never read.
components/VoiceRecorder.tsx(9,8): error TS2307: Cannot find module 'react-native' or its corresponding type declarations.
components/VoiceRecorder.tsx(16,8): error TS2307: Cannot find module 'react-native-reanimated' or its corresponding type declarations.
components/VoiceRecorder.tsx(23,7): error TS6133: 'screenWidth' is declared but its value is never read.
components/VoiceRecorder.tsx(221,41): error TS6133: 'isDark' is declared but its value is never read.
components/WeakAreaCard.tsx(1,1): error TS6133: 'React' is declared but its value is never read.
components/WeakAreaCard.tsx(2,58): error TS2307: Cannot find module 'react-native' or its corresponding type declarations.
components/WeakAreaCard.tsx(3,27): error TS2307: Cannot find module 'expo-router' or its corresponding type declarations.
components/WelcomeSlider.tsx(1,8): error TS6133: 'React' is declared but its value is never read.
components/WelcomeSlider.tsx(11,8): error TS2307: Cannot find module 'react-native' or its corresponding type declarations.
components/WelcomeSlider.tsx(12,45): error TS2307: Cannot find module 'lottie-react-native' or its corresponding type declarations.
components/WelcomeSlider.tsx(13,27): error TS2307: Cannot find module 'expo-router' or its corresponding type declarations.
components/WelcomeSlider.tsx(116,24): error TS7006: Parameter 'item' implicitly has an 'any' type.
components/XPBar.tsx(2,40): error TS2307: Cannot find module 'react-native' or its corresponding type declarations.
config/adConfig.ts(1,26): error TS2307: Cannot find module 'react-native' or its corresponding type declarations.
constants/animations.ts(1,24): error TS2307: Cannot find module 'react-native-reanimated' or its corresponding type declarations.
data/majorExams.ts(4,7): error TS6133: 'getCurrentYear' is declared but its value is never read.
screens/AboutScreen.tsx(1,1): error TS6133: 'React' is declared but its value is never read.
screens/AboutScreen.tsx(2,84): error TS2307: Cannot find module 'react-native' or its corresponding type declarations.
screens/AboutScreen.tsx(4,25): error TS2307: Cannot find module '@expo/vector-icons' or its corresponding type declarations.
screens/AboutScreen.tsx(5,27): error TS2307: Cannot find module 'expo-router' or its corresponding type declarations.
screens/AnalyticsScreen.tsx(1,8): error TS6133: 'React' is declared but its value is never read.
screens/AnalyticsScreen.tsx(9,8): error TS2307: Cannot find module 'react-native' or its corresponding type declarations.
screens/AvatarStoreScreen.tsx(1,8): error TS6133: 'React' is declared but its value is never read.
screens/AvatarStoreScreen.tsx(11,8): error TS2307: Cannot find module 'react-native' or its corresponding type declarations.
screens/AvatarStoreScreen.tsx(24,40): error TS2307: Cannot find module '@expo/vector-icons' or its corresponding type declarations.
screens/AvatarStoreScreen.tsx(29,9): error TS6133: 'currentXP' is declared but its value is never read.
screens/AvatarStoreScreen.tsx(146,24): error TS7006: Parameter 'item' implicitly has an 'any' type.
screens/ExamDetailsScreen.tsx(1,8): error TS6133: 'React' is declared but its value is never read.
screens/ExamDetailsScreen.tsx(11,8): error TS2307: Cannot find module 'react-native' or its corresponding type declarations.
screens/ExamDetailsScreen.tsx(12,49): error TS2307: Cannot find module 'expo-router' or its corresponding type declarations.
screens/ExamDetailsScreen.tsx(16,1): error TS6133: 'getDaysRemaining' is declared but its value is never read.
screens/ExamDetailsScreen.tsx(18,25): error TS2307: Cannot find module '@expo/vector-icons' or its corresponding type declarations.
screens/ExamDetailsScreen.tsx(27,10): error TS6133: 'showAddModal' is declared but its value is never read.
screens/ExamDetailsScreen.tsx(205,30): error TS7006: Parameter 'text' implicitly has an 'any' type.
screens/ExamDetailsScreen.tsx(214,30): error TS7006: Parameter 'text' implicitly has an 'any' type.
screens/ExamDetailsScreen.tsx(223,30): error TS7006: Parameter 'text' implicitly has an 'any' type.
screens/ExamDetailsScreen.tsx(384,30): error TS7006: Parameter 'text' implicitly has an 'any' type.
screens/ExamDetailsScreen.tsx(391,30): error TS7006: Parameter 'text' implicitly has an 'any' type.
screens/ExamDetailsScreen.tsx(398,30): error TS7006: Parameter 'text' implicitly has an 'any' type.
screens/GroupDetailScreen.tsx(1,8): error TS6133: 'React' is declared but its value is never read.
screens/GroupDetailScreen.tsx(13,8): error TS2307: Cannot find module 'react-native' or its corresponding type declarations.
screens/GroupDetailScreen.tsx(14,49): error TS2307: Cannot find module 'expo-router' or its corresponding type declarations.
screens/GroupDetailScreen.tsx(34,19): error TS6133: 'userName' is declared but its value is never read.
screens/GroupDetailScreen.tsx(34,29): error TS6133: 'selectedAvatar' is declared but its value is never read.
screens/GroupDetailScreen.tsx(269,9): error TS6133: 'handleSubmitQuizResult' is declared but its value is never read.
screens/LeaderboardScreen.tsx(11,8): error TS2307: Cannot find module 'react-native' or its corresponding type declarations.
screens/LeaderboardScreen.tsx(17,40): error TS2307: Cannot find module '@expo/vector-icons' or its corresponding type declarations.
screens/LeaderboardScreen.tsx(53,9): error TS6133: 'handleWeekToggle' is declared but its value is never read.
screens/NotificationCenterScreen.tsx(1,8): error TS6133: 'React' is declared but its value is never read.
screens/NotificationCenterScreen.tsx(10,8): error TS2307: Cannot find module 'react-native' or its corresponding type declarations.
screens/NotificationCenterScreen.tsx(13,34): error TS6133: 'Feather' is declared but its value is never read.
screens/NotificationCenterScreen.tsx(13,49): error TS2307: Cannot find module '@expo/vector-icons' or its corresponding type declarations.
screens/PersonalizedPlanScreen.tsx(1,8): error TS6133: 'React' is declared but its value is never read.
screens/PersonalizedPlanScreen.tsx(9,8): error TS2307: Cannot find module 'react-native' or its corresponding type declarations.
screens/PersonalizedPlanScreen.tsx(15,11): error TS6196: 'DayPlan' is declared but never used.
screens/PrivacyPolicyScreen.tsx(1,1): error TS6133: 'React' is declared but its value is never read.
screens/PrivacyPolicyScreen.tsx(2,84): error TS2307: Cannot find module 'react-native' or its corresponding type declarations.
screens/PrivacyPolicyScreen.tsx(4,25): error TS2307: Cannot find module '@expo/vector-icons' or its corresponding type declarations.
screens/PrivacyPolicyScreen.tsx(5,27): error TS2307: Cannot find module 'expo-router' or its corresponding type declarations.
screens/ProfileScreen.tsx(13,8): error TS2307: Cannot find module 'react-native' or its corresponding type declarations.
screens/ProfileScreen.tsx(19,49): error TS2307: Cannot find module '@expo/vector-icons' or its corresponding type declarations.
screens/ProfileScreen.tsx(20,27): error TS2307: Cannot find module 'expo-router' or its corresponding type declarations.
screens/ProfileScreen.tsx(24,1): error TS6133: 'CoinDisplay' is declared but its value is never read.
screens/ProfileScreen.tsx(51,10): error TS6133: 'streak' is declared but its value is never read.
screens/ProfileScreen.tsx(353,30): error TS7006: Parameter 'value' implicitly has an 'any' type.
screens/ProfileScreen.tsx(366,30): error TS7006: Parameter 'value' implicitly has an 'any' type.
screens/ProfileScreen.tsx(379,30): error TS7006: Parameter 'value' implicitly has an 'any' type.
screens/ProfileScreen.tsx(392,30): error TS7006: Parameter 'value' implicitly has an 'any' type.
screens/ProfileScreen.tsx(405,30): error TS7006: Parameter 'value' implicitly has an 'any' type.
screens/ProfileScreen.tsx(418,30): error TS7006: Parameter 'value' implicitly has an 'any' type.
screens/QAForumScreen.tsx(1,8): error TS6133: 'React' is declared but its value is never read.
screens/QAForumScreen.tsx(14,8): error TS2307: Cannot find module 'react-native' or its corresponding type declarations.
screens/QAForumScreen.tsx(15,26): error TS2307: Cannot find module '@expo/vector-icons' or its corresponding type declarations.
screens/QAForumScreen.tsx(16,35): error TS2307: Cannot find module 'react-native-safe-area-context' or its corresponding type declarations.
screens/QAForumScreen.tsx(17,27): error TS2307: Cannot find module 'expo-router' or its corresponding type declarations.
screens/QAForumScreen.tsx(18,1): error TS6133: 'Colors' is declared but its value is never read.
screens/QAForumScreen.tsx(443,26): error TS7006: Parameter 'item' implicitly has an 'any' type.
screens/QuestionDetailScreen.tsx(1,8): error TS6133: 'React' is declared but its value is never read.
screens/QuestionDetailScreen.tsx(14,8): error TS2307: Cannot find module 'react-native' or its corresponding type declarations.
screens/QuestionDetailScreen.tsx(15,26): error TS2307: Cannot find module '@expo/vector-icons' or its corresponding type declarations.
screens/QuestionDetailScreen.tsx(16,35): error TS2307: Cannot find module 'react-native-safe-area-context' or its corresponding type declarations.
screens/QuestionDetailScreen.tsx(17,49): error TS2307: Cannot find module 'expo-router' or its corresponding type declarations.
screens/QuestionDetailScreen.tsx(155,24): error TS7006: Parameter 'item' implicitly has an 'any' type.
screens/QuestionDetailScreen.tsx(157,24): error TS7031: Binding element 'item' implicitly has an 'any' type.
screens/ReputationLeaderboardScreen.tsx(1,8): error TS6133: 'React' is declared but its value is never read.
screens/ReputationLeaderboardScreen.tsx(2,101): error TS2307: Cannot find module 'react-native' or its corresponding type declarations.
screens/ReputationLeaderboardScreen.tsx(8,26): error TS2307: Cannot find module '@expo/vector-icons' or its corresponding type declarations.
screens/ReputationLeaderboardScreen.tsx(9,27): error TS2307: Cannot find module 'expo-router' or its corresponding type declarations.
screens/ReputationLeaderboardScreen.tsx(89,26): error TS7006: Parameter 'item' implicitly has an 'any' type.
screens/ReputationLeaderboardScreen.tsx(90,26): error TS7031: Binding element 'item' implicitly has an 'any' type.
screens/SessionHistoryScreen.tsx(1,8): error TS6133: 'React' is declared but its value is never read.
screens/SessionHistoryScreen.tsx(8,8): error TS2307: Cannot find module 'react-native' or its corresponding type declarations.
screens/SessionHistoryScreen.tsx(9,27): error TS2307: Cannot find module 'expo-router' or its corresponding type declarations.
screens/SessionHistoryScreen.tsx(14,25): error TS2307: Cannot find module '@expo/vector-icons' or its corresponding type declarations.
screens/SessionHistoryScreen.tsx(60,9): error TS6133: 'formatDate' is declared but its value is never read.
screens/SessionHistoryScreen.tsx(75,9): error TS6133: 'getFocusScoreColor' is declared but its value is never read.
screens/SmartCoinHistoryScreen.tsx(1,8): error TS6133: 'React' is declared but its value is never read.
screens/SmartCoinHistoryScreen.tsx(8,8): error TS2307: Cannot find module 'react-native' or its corresponding type declarations.
screens/SmartCoinHistoryScreen.tsx(11,40): error TS2307: Cannot find module '@expo/vector-icons' or its corresponding type declarations.
screens/StudyGroupsScreen.tsx(1,8): error TS6133: 'React' is declared but its value is never read.
screens/StudyGroupsScreen.tsx(13,8): error TS2307: Cannot find module 'react-native' or its corresponding type declarations.
screens/StudyGroupsScreen.tsx(14,27): error TS2307: Cannot find module 'expo-router' or its corresponding type declarations.
screens/TermsScreen.tsx(1,1): error TS6133: 'React' is declared but its value is never read.
screens/TermsScreen.tsx(2,84): error TS2307: Cannot find module 'react-native' or its corresponding type declarations.
screens/TermsScreen.tsx(4,25): error TS2307: Cannot find module '@expo/vector-icons' or its corresponding type declarations.
screens/TermsScreen.tsx(5,27): error TS2307: Cannot find module 'expo-router' or its corresponding type declarations.
screens/VoiceNotesScreen.tsx(1,8): error TS6133: 'React' is declared but its value is never read.
screens/VoiceNotesScreen.tsx(10,8): error TS2307: Cannot find module 'react-native' or its corresponding type declarations.
screens/VoiceNotesScreen.tsx(111,26): error TS7006: Parameter 'item' implicitly has an 'any' type.
screens/VoiceNotesScreen.tsx(112,26): error TS7031: Binding element 'item' implicitly has an 'any' type.
screens/WeakAreasScreen.tsx(1,8): error TS6133: 'React' is declared but its value is never read.
screens/WeakAreasScreen.tsx(7,3): error TS6133: 'TouchableOpacity' is declared but its value is never read.
screens/WeakAreasScreen.tsx(10,8): error TS2307: Cannot find module 'react-native' or its corresponding type declarations.
screens/WeakAreasScreen.tsx(12,19): error TS6133: 'BorderRadius' is declared but its value is never read.
services/AnalyticsService.ts(1,26): error TS2307: Cannot find module '@react-native-async-storage/async-storage' or its corresponding type declarations.
services/AnalyticsService.ts(9,1): error TS6133: 'QuizResult' is declared but its value is never read.
services/AnalyticsService.ts(73,11): error TS6133: 'mistakes' is declared but its value is never read.
services/AnalyticsService.ts(141,11): error TS6133: 'mistakes' is declared but its value is never read.
services/AnalyticsService.ts(181,11): error TS6133: 'mistakes' is declared but its value is never read.
services/ContentValidator.ts(1,26): error TS2307: Cannot find module '@react-native-async-storage/async-storage' or its corresponding type declarations.
services/ExamService.ts(1,26): error TS2307: Cannot find module '@react-native-async-storage/async-storage' or its corresponding type declarations.
services/ExamService.ts(3,57): error TS6133: 'sortExamsByDate' is declared but its value is never read.
services/FileUploadService.ts(1,30): error TS2307: Cannot find module 'expo-image-picker' or its corresponding type declarations.
services/FileUploadService.ts(2,33): error TS2307: Cannot find module 'expo-document-picker' or its corresponding type declarations.
services/FocusTracker.ts(1,42): error TS2307: Cannot find module 'react-native' or its corresponding type declarations.
services/FocusTracker.ts(2,26): error TS2307: Cannot find module '@react-native-async-storage/async-storage' or its corresponding type declarations.
services/FocusTracker.ts(25,45): error TS6133: 'treeType' is declared but its value is never read.
services/FocusTracker.ts(124,11): error TS6133: 'subscription' is declared but its value is never read.
services/GamificationService.ts(16,48): error TS6133: 'notificationPreferences' is declared but its value is never read.
services/GroupQuizService.ts(1,26): error TS2307: Cannot find module '@react-native-async-storage/async-storage' or its corresponding type declarations.
services/LeaderboardService.ts(2,26): error TS2307: Cannot find module '@react-native-async-storage/async-storage' or its corresponding type declarations.
services/LeaderboardService.ts(74,31): error TS6133: 'gamificationData' is declared but its value is never read.
services/MistakeAnalysisService.ts(1,26): error TS2307: Cannot find module '@react-native-async-storage/async-storage' or its corresponding type declarations.
services/MistakeAnalysisService.ts(213,53): error TS6133: 'subject' is declared but its value is never read.
services/MistakeAnalysisService.ts(213,70): error TS6133: 'chapter' is declared but its value is never read.
services/QAForumService.ts(1,26): error TS2307: Cannot find module '@react-native-async-storage/async-storage' or its corresponding type declarations.
services/QASearchService.ts(1,26): error TS2307: Cannot find module '@react-native-async-storage/async-storage' or its corresponding type declarations.
services/QASearchService.ts(4,10): error TS1205: Re-exporting a type when 'isolatedModules' is enabled requires using 'export type'.
services/QASearchService.ts(68,17): error TS6133: 'persistQuestions' is declared but its value is never read.
services/SmartyAIService.ts(11,29): error TS2307: Cannot find module 'expo-file-system' or its corresponding type declarations.
services/SpeechToTextService.ts(112,5): error TS6133: 'audioData' is declared but its value is never read.
services/StudyGroupService.ts(1,26): error TS2307: Cannot find module '@react-native-async-storage/async-storage' or its corresponding type declarations.
services/TimerService.ts(1,26): error TS2307: Cannot find module '@react-native-async-storage/async-storage' or its corresponding type declarations.
services/networkService.ts(1,21): error TS2307: Cannot find module '@react-native-community/netinfo' or its corresponding type declarations.
services/networkService.ts(26,27): error TS7006: Parameter 'status' implicitly has an 'any' type.
services/networkService.ts(31,51): error TS7006: Parameter 'status' implicitly has an 'any' type.
services/quizGenerator.ts(103,13): error TS6133: 'errorText' is declared but its value is never read.
services/streakService.ts(1,26): error TS2307: Cannot find module '@react-native-async-storage/async-storage' or its corresponding type declarations.
services/streakService.ts(51,11): error TS6133: 'yesterday' is declared but its value is never read.
src/App.tsx(1,1): error TS6133: 'React' is declared but its value is never read.
src/components/BottomTabNavigatorWeb.tsx(23,19): error TS6133: 'isDark' is declared but its value is never read.
src/components/HeaderComponentWeb.tsx(1,1): error TS6133: 'React' is declared but its value is never read.
src/context/ThemeContext.tsx(1,8): error TS6133: 'React' is declared but its value is never read.
src/context/ThemeContext.tsx(2,24): error TS7016: Could not find a declaration file for module '../constants/theme'. '/home/engine/project/src/constants/theme.js' implicitly has an 'any' type.
src/layouts/MainLayoutWeb.tsx(1,8): error TS6133: 'React' is declared but its value is never read.
src/layouts/MainLayoutWeb.tsx(10,9): error TS6133: 'navigate' is declared but its value is never read.
src/pages/DashboardPage.tsx(96,17): error TS2353: Object literal may only specify known properties, and '':hover'' does not exist in type 'Properties<string | number, string & {}>'.
src/pages/HomePage.tsx(1,1): error TS6133: 'React' is declared but its value is never read.
store/achievementStore.ts(165,26): error TS2307: Cannot find module '@react-native-async-storage/async-storage' or its corresponding type declarations.
store/chatStore.ts(2,26): error TS2307: Cannot find module '@react-native-async-storage/async-storage' or its corresponding type declarations.
store/notificationStore.ts(1,26): error TS2307: Cannot find module '@react-native-async-storage/async-storage' or its corresponding type declarations.
store/quizStore.ts(2,1): error TS6133: 'AsyncStorage' is declared but its value is never read.
store/quizStore.ts(2,26): error TS2307: Cannot find module '@react-native-async-storage/async-storage' or its corresponding type declarations.
store/quizStore.ts(38,7): error TS6133: 'MAX_QUESTIONS' is declared but its value is never read.
store/userStore.ts(2,26): error TS2307: Cannot find module '@react-native-async-storage/async-storage' or its corresponding type declarations.
store/userStore.ts(560,41): error TS6133: 'reason' is declared but its value is never read.
store/userStore.ts(573,43): error TS6133: 'item' is declared but its value is never read.
store/voiceNoteStore.ts(2,26): error TS2307: Cannot find module '@react-native-async-storage/async-storage' or its corresponding type declarations.
store/xpStore.ts(2,26): error TS2307: Cannot find module '@react-native-async-storage/async-storage' or its corresponding type declarations.
store/xpStore.ts(4,1): error TS6133: 'rankSystem' is declared but its value is never read.
utils/affiliateLinks.ts(1,32): error TS2307: Cannot find module 'react-native' or its corresponding type declarations.
utils/errorLogger.ts(11,26): error TS2307: Cannot find module '@react-native-async-storage/async-storage' or its corresponding type declarations.
utils/googleAds.ts(1,60): error TS2307: Cannot find module 'react-native-google-mobile-ads' or its corresponding type declarations.
utils/googleAds.web.ts(1,1): error TS6133: 'React' is declared but its value is never read.
utils/googleAds.web.ts(2,1): error TS6192: All imports in import declaration are unused.
utils/googleAds.web.ts(2,28): error TS2307: Cannot find module 'react-native' or its corresponding type declarations.
utils/treeGrowth.ts(1,26): error TS2307: Cannot find module 'react-native' or its corresponding type declarations.
utils/treeGrowth.ts(50,9): error TS6133: 'rotationValue' is declared but its value is never read.
utils/uploadLimits.ts(1,26): error TS2307: Cannot find module '@react-native-async-storage/async-storage' or its corresponding type declarations.
